<?xml version="1.0" encoding="UTF-8"?>
<!-- Generated by org.testng.reporters.JUnitXMLReporter -->
<testsuite hostname="DESKTOP-8V6HV8J" name="Surefire test" tests="1" failures="0" timestamp="16 Mar 2019 09:57:21 GMT" time="0.07" errors="0">
  <testcase name="@BeforeClass setUp" time="0.0" classname="com.progresssoft.controller.FileUploadControllerTest">
    <failure type="java.lang.NullPointerException">
      <![CDATA[java.lang.NullPointerException
	at com.progresssoft.controller.FileUploadControllerTest.getFileList(FileUploadControllerTest.java:110)
	at com.progresssoft.controller.FileUploadControllerTest.setUp(FileUploadControllerTest.java:80)
... Removed 28 stack frames]]>
    </failure>
  </testcase> <!-- @BeforeClass setUp -->
  <testcase name="newFileUpload" time="0.0" classname="com.progresssoft.controller.FileUploadControllerTest">
    <skipped/>
  </testcase> <!-- newFileUpload -->
</testsuite> <!-- Surefire test -->
