-------------------------------------------------------------------------------
Test set: TestSuite
-------------------------------------------------------------------------------
Tests run: 2, Failures: 1, Errors: 0, Skipped: 1, Time elapsed: 0.776 sec <<< FAILURE! - in TestSuite
setUp(com.progresssoft.controller.FileUploadControllerTest)  Time elapsed: 0.609 sec  <<< FAILURE!
java.lang.NullPointerException: null
	at com.progresssoft.controller.FileUploadControllerTest.getFileList(FileUploadControllerTest.java:110)
	at com.progresssoft.controller.FileUploadControllerTest.setUp(FileUploadControllerTest.java:80)

