<?xml version="1.0" encoding="UTF-8"?>
<testsuite name="TestSuite" time="0.609" tests="2" errors="0" skipped="1" failures="1">
  <properties>
[...]
</properties>
  <testcase name="setUp" classname="com.progresssoft.controller.FileUploadControllerTest" time="0.609">
    <failure type="java.lang.NullPointerException:">java.lang.NullPointerException: null
	at com.progresssoft.controller.FileUploadControllerTest.getFileList(FileUploadControllerTest.java:110)
	at com.progresssoft.controller.FileUploadControllerTest.setUp(FileUploadControllerTest.java:80)
</failure>
    <system-out><![CDATA[Configuring TestNG with: TestNG652Configurator
11:57:21,166 |-INFO in ch.qos.logback.classic.LoggerContext[default] - Could NOT find resource [logback.groovy]
11:57:21,166 |-INFO in ch.qos.logback.classic.LoggerContext[default] - Could NOT find resource [logback-test.xml]
11:57:21,166 |-INFO in ch.qos.logback.classic.LoggerContext[default] - Found resource [logback.xml] at [file:/C:/Projects/progresssoft-Clustered-Data-Warehouse/target/classes/logback.xml]
11:57:21,321 |-INFO in ch.qos.logback.classic.joran.action.ConfigurationAction - debug attribute not set
11:57:21,323 |-INFO in ch.qos.logback.core.joran.action.AppenderAction - About to instantiate appender of type [ch.qos.logback.core.ConsoleAppender]
11:57:21,330 |-INFO in ch.qos.logback.core.joran.action.AppenderAction - Naming appender as [STDOUT]
11:57:21,357 |-WARN in ch.qos.logback.core.ConsoleAppender[STDOUT] - This appender no longer admits a layout as a sub-component, set an encoder instead.
11:57:21,357 |-WARN in ch.qos.logback.core.ConsoleAppender[STDOUT] - To ensure compatibility, wrapping your layout in LayoutWrappingEncoder.
11:57:21,357 |-WARN in ch.qos.logback.core.ConsoleAppender[STDOUT] - See also http://logback.qos.ch/codes.html#layoutInsteadOfEncoder for details
11:57:21,358 |-INFO in ch.qos.logback.classic.joran.action.LoggerAction - Setting level of logger [org.springframework.web] to ERROR
11:57:21,358 |-INFO in ch.qos.logback.classic.joran.action.LoggerAction - Setting additivity of logger [org.springframework.web] to false
11:57:21,358 |-INFO in ch.qos.logback.core.joran.action.AppenderRefAction - Attaching appender named [STDOUT] to Logger[org.springframework.web]
11:57:21,359 |-INFO in ch.qos.logback.classic.joran.action.LoggerAction - Setting level of logger [com.progresssoft] to DEBUG
11:57:21,359 |-INFO in ch.qos.logback.classic.joran.action.LoggerAction - Setting additivity of logger [com.progresssoft] to false
11:57:21,359 |-INFO in ch.qos.logback.core.joran.action.AppenderRefAction - Attaching appender named [STDOUT] to Logger[com.progresssoft]
11:57:21,359 |-INFO in ch.qos.logback.classic.joran.action.RootLoggerAction - Setting level of ROOT logger to ERROR
11:57:21,359 |-INFO in ch.qos.logback.core.joran.action.AppenderRefAction - Attaching appender named [STDOUT] to Logger[ROOT]
11:57:21,359 |-INFO in ch.qos.logback.classic.joran.action.ConfigurationAction - End of configuration.
11:57:21,360 |-INFO in ch.qos.logback.classic.joran.JoranConfigurator@258e2e41 - Registering current configuration as safe fallback point

]]></system-out>
  </testcase>
  <testcase name="newFileUpload" classname="com.progresssoft.controller.FileUploadControllerTest" time="0">
    <skipped/>
  </testcase>
</testsuite>